<?xml version="1.0" encoding="UTF-8"?>
<testng-results ignored="0" total="1" passed="1" failed="0" skipped="0">
  <reporter-output>
  </reporter-output>
  <suite started-at="2023-05-12T02:08:12 PDT" name="Default suite" finished-at="2023-05-12T02:08:55 PDT" duration-ms="43267">
    <groups>
    </groups>
    <test started-at="2023-05-12T02:08:12 PDT" name="Default test" finished-at="2023-05-12T02:08:55 PDT" duration-ms="43267">
      <class name="TestCases.BuyNowProductTest">
        <test-method is-config="true" signature="setUp()[pri:0, instance:TestCases.BuyNowProductTest@595b007d]" started-at="2023-05-12T02:08:12 PDT" name="setUp" finished-at="2023-05-12T02:08:17 PDT" duration-ms="5181" status="PASS">
          <reporter-output>
          </reporter-output>
        </test-method> <!-- setUp -->
        <test-method signature="openLoginPage()[pri:0, instance:TestCases.BuyNowProductTest@595b007d]" started-at="2023-05-12T02:08:17 PDT" name="openLoginPage" finished-at="2023-05-12T02:08:51 PDT" duration-ms="34303" status="PASS">
          <reporter-output>
          </reporter-output>
        </test-method> <!-- openLoginPage -->
        <test-method is-config="true" signature="tearMethod()[pri:0, instance:TestCases.BuyNowProductTest@595b007d]" started-at="2023-05-12T02:08:51 PDT" name="tearMethod" finished-at="2023-05-12T02:08:55 PDT" duration-ms="3721" status="PASS">
          <reporter-output>
          </reporter-output>
        </test-method> <!-- tearMethod -->
      </class> <!-- TestCases.BuyNowProductTest -->
    </test> <!-- Default test -->
  </suite> <!-- Default suite -->
</testng-results>
